[INFO][auth.go:21]2018/12/10 13:46:40 [获取登录路由]
[INFO][auth.go:21]2018/12/10 13:51:22 [获取登录路由]
[INFO][auth.go:21]2018/12/10 13:52:25 [获取登录路由]
[INFO][auth.go:21]2018/12/10 13:53:13 [获取登录路由]
[INFO][auth.go:21]2018/12/10 13:53:16 [获取登录路由]
[INFO][auth.go:21]2018/12/10 13:54:29 [获取登录路由]
[INFO][auth.go:21]2018/12/10 13:55:51 [获取登录路由]
[INFO][auth.go:47]2018/12/10 13:55:51 [Username.Required Can not be empty]
[INFO][auth.go:47]2018/12/10 13:55:51 [Password.Required Can not be empty]
[INFO][auth.go:21]2018/12/10 21:05:45 [获取登录路由]
[INFO][auth.go:47]2018/12/10 21:05:45 [Username.Required Can not be empty]
[INFO][auth.go:47]2018/12/10 21:05:45 [Password.Required Can not be empty]
[INFO][auth.go:21]2018/12/10 21:07:05 [获取登录路由]
[INFO][auth.go:47]2018/12/10 21:07:05 [Username.Required Can not be empty]
[INFO][auth.go:47]2018/12/10 21:07:05 [Password.Required Can not be empty]
[INFO][auth.go:21]2018/12/10 21:09:08 [获取登录路由]
[INFO][auth.go:47]2018/12/10 21:09:08 [Username.Required Can not be empty]
[INFO][auth.go:47]2018/12/10 21:09:08 [Password.Required Can not be empty]
[INFO][auth.go:21]2018/12/10 21:11:12 [获取登录路由]
[INFO][auth.go:47]2018/12/10 21:11:12 [Username.Required Can not be empty]
[INFO][auth.go:47]2018/12/10 21:11:12 [Password.Required Can not be empty]
[INFO][auth.go:21]2018/12/10 21:11:50 [获取登录路由 0xc0000d4fd0]
[INFO][auth.go:47]2018/12/10 21:11:50 [Username.Required Can not be empty]
[INFO][auth.go:47]2018/12/10 21:11:50 [Password.Required Can not be empty]
[INFO][auth.go:21]2018/12/10 21:12:46 [获取登录路由 {{0xc0002a62a0 -1 200} 0xc0001abe00 0xc0000cee70 [] [0x162b910 0x16126c0 0x1613a00 0x1624940] 3 0xc0002b4360 map[content-type:application/json]  []}]
[INFO][auth.go:47]2018/12/10 21:12:46 [Username.Required Can not be empty]
[INFO][auth.go:47]2018/12/10 21:12:46 [Password.Required Can not be empty]
[INFO][auth.go:21]2018/12/10 21:14:30 [获取登录路由 {{0xc0002a6380 -1 200} 0xc0002ec000 0xc0000cee70 [] [0x162b910 0x16126c0 0x1613a00 0x1624940] 3 0xc0002b4360 map[content-type:application/json]  []}]
[INFO][auth.go:47]2018/12/10 21:14:30 [Username.Required Can not be empty]
[INFO][auth.go:47]2018/12/10 21:14:30 [Password.Required Can not be empty]
[INFO][auth.go:23]2018/12/10 21:15:46 [获取登录路由  ]
[INFO][auth.go:47]2018/12/10 21:15:46 [Username.Required Can not be empty]
[INFO][auth.go:47]2018/12/10 21:15:46 [Password.Required Can not be empty]
[INFO][auth.go:23]2018/12/10 21:17:03 [获取登录路由  ]
[INFO][auth.go:47]2018/12/10 21:17:03 [Username.Required Can not be empty]
[INFO][auth.go:47]2018/12/10 21:17:03 [Password.Required Can not be empty]
[INFO][auth.go:26]2018/12/10 21:29:44 [获取登录路由  ]
[INFO][auth.go:50]2018/12/10 21:29:44 [Username.Required Can not be empty]
[INFO][auth.go:50]2018/12/10 21:29:44 [Password.Required Can not be empty]
[INFO][auth.go:24]2018/12/10 21:32:01 [获取登录路由  ]
[INFO][auth.go:48]2018/12/10 21:32:01 [Username.Required Can not be empty]
[INFO][auth.go:48]2018/12/10 21:32:01 [Password.Required Can not be empty]
[INFO][auth.go:24]2018/12/10 21:34:15 [获取登录路由  ]
[INFO][auth.go:48]2018/12/10 21:34:15 [Username.Required Can not be empty]
[INFO][auth.go:48]2018/12/10 21:34:15 [Password.Required Can not be empty]
[INFO][auth.go:24]2018/12/10 21:35:01 [获取登录路由  ]
[INFO][auth.go:48]2018/12/10 21:35:01 [Username.Required Can not be empty]
[INFO][auth.go:48]2018/12/10 21:35:01 [Password.Required Can not be empty]
[INFO][auth.go:24]2018/12/10 21:39:44 [获取登录路由  ]
[INFO][auth.go:48]2018/12/10 21:39:44 [Username.Required Can not be empty]
[INFO][auth.go:48]2018/12/10 21:39:44 [Password.Required Can not be empty]
[INFO][auth.go:24]2018/12/10 21:41:33 [获取登录路由  ]
[INFO][auth.go:48]2018/12/10 21:41:33 [Username.Required Can not be empty]
[INFO][auth.go:48]2018/12/10 21:41:33 [Password.Required Can not be empty]
[INFO][auth.go:24]2018/12/10 21:48:12 [获取登录路由  ]
[INFO][auth.go:48]2018/12/10 21:48:12 [Username.Required Can not be empty]
[INFO][auth.go:48]2018/12/10 21:48:12 [Password.Required Can not be empty]
