[INFO][auth.go:24]2018/12/27 21:11:36 [获取登录路由  ]
[INFO][auth.go:48]2018/12/27 21:11:36 [Username.Required Can not be empty]
[INFO][auth.go:48]2018/12/27 21:11:36 [Password.Required Can not be empty]
[INFO][auth.go:24]2018/12/27 21:11:46 [获取登录路由  ]
[INFO][auth.go:48]2018/12/27 21:11:46 [Username.Required Can not be empty]
[INFO][auth.go:48]2018/12/27 21:11:46 [Password.Required Can not be empty]
[INFO][auth.go:24]2018/12/27 21:11:55 [获取登录路由  ]
[INFO][auth.go:48]2018/12/27 21:11:55 [Username.Required Can not be empty]
[INFO][auth.go:48]2018/12/27 21:11:55 [Password.Required Can not be empty]
[INFO][auth.go:24]2018/12/27 21:12:21 [获取登录路由  ]
[INFO][auth.go:48]2018/12/27 21:12:21 [Username.Required Can not be empty]
[INFO][auth.go:48]2018/12/27 21:12:21 [Password.Required Can not be empty]
[INFO][auth.go:24]2018/12/27 21:14:03 [获取登录路由  ]
[INFO][auth.go:48]2018/12/27 21:14:03 [Username.Required Can not be empty]
[INFO][auth.go:48]2018/12/27 21:14:03 [Password.Required Can not be empty]
[INFO][auth.go:24]2018/12/27 21:14:20 [获取登录路由  ]
[INFO][auth.go:48]2018/12/27 21:14:20 [Username.Required Can not be empty]
[INFO][auth.go:48]2018/12/27 21:14:20 [Password.Required Can not be empty]
[INFO][auth.go:24]2018/12/27 21:15:26 [获取登录路由  ]
[INFO][auth.go:48]2018/12/27 21:15:26 [Username.Required Can not be empty]
[INFO][auth.go:48]2018/12/27 21:15:26 [Password.Required Can not be empty]
[INFO][auth.go:24]2018/12/27 21:17:24 [获取登录路由 test test123456]
[INFO][auth.go:24]2018/12/27 21:17:47 [获取登录路由  ]
[INFO][auth.go:48]2018/12/27 21:17:47 [Username.Required Can not be empty]
[INFO][auth.go:48]2018/12/27 21:17:47 [Password.Required Can not be empty]
[INFO][auth.go:24]2018/12/27 21:18:00 [获取登录路由  ]
[INFO][auth.go:48]2018/12/27 21:18:00 [Username.Required Can not be empty]
[INFO][auth.go:48]2018/12/27 21:18:00 [Password.Required Can not be empty]
[INFO][auth.go:24]2018/12/27 21:21:23 [获取登录路由 test test123456]
[INFO][auth.go:24]2018/12/27 21:21:47 [获取登录路由 test test123456]
[INFO][auth.go:24]2018/12/27 21:21:53 [获取登录路由  ]
[INFO][auth.go:48]2018/12/27 21:21:53 [Username.Required Can not be empty]
[INFO][auth.go:48]2018/12/27 21:21:53 [Password.Required Can not be empty]
[INFO][auth.go:24]2018/12/27 21:22:05 [获取登录路由 test test123456]
[INFO][auth.go:24]2018/12/27 21:23:00 [获取登录路由 test test123456]
[INFO][auth.go:24]2018/12/27 21:23:09 [获取登录路由 test test123456]
[INFO][auth.go:24]2018/12/27 21:23:54 [获取登录路由 test test123456]
[INFO][auth.go:31]2018/12/27 21:23:54 [获取登录路由 true]
[INFO][auth.go:25]2018/12/27 21:24:51 [获取登录路由 test test123456]
[INFO][auth.go:25]2018/12/27 21:25:54 [获取登录路由 test test123456]
[INFO][auth.go:25]2018/12/27 21:26:32 [获取登录路由 test test123456]
[INFO][auth.go:25]2018/12/27 21:26:41 [获取登录路由 test test123456]
[INFO][auth.go:25]2018/12/27 21:27:32 [获取登录路由 test test123456]
[INFO][auth.go:25]2018/12/27 21:30:37 [获取登录路由 test test123456]
[INFO][auth.go:25]2018/12/27 21:34:12 [获取登录路由 test test123456]
[INFO][auth.go:25]2018/12/27 21:36:57 [获取登录路由 test test123456]
[INFO][auth.go:25]2018/12/27 21:37:42 [获取登录路由 test test123456]
[INFO][auth.go:25]2018/12/27 21:41:11 [获取登录路由 test test123456]
[INFO][auth.go:25]2018/12/27 21:45:07 [获取登录路由 test test123456]
[INFO][auth.go:25]2018/12/27 21:48:18 [获取登录路由 test test123456]
[INFO][auth.go:25]2018/12/27 21:49:08 [获取登录路由 test test123456]
[INFO][auth.go:25]2018/12/27 21:49:52 [获取登录路由 test test123456]
[INFO][auth.go:25]2018/12/27 21:50:22 [获取登录路由 test test123456]
[INFO][auth.go:25]2018/12/27 21:51:48 [获取登录路由 test test123456]
[INFO][auth.go:25]2018/12/27 21:53:17 [获取登录路由 test test123456]
[INFO][auth.go:25]2018/12/27 21:54:12 [获取登录路由 test test123456]
