[INFO][auth.go:25]2018/12/30 15:15:07 [获取登录路由 test test123456]
[INFO][auth.go:25]2018/12/30 15:21:19 [获取登录路由 admin@admin.com 123456]
[INFO][auth.go:25]2018/12/30 15:22:25 [获取登录路由 admin@admin.com 123456]
[INFO][auth.go:25]2018/12/30 15:22:27 [获取登录路由 admin@admin.com 123456]
[INFO][auth.go:24]2018/12/30 15:24:55 [获取登录路由 admin@admin.com 123456]
[INFO][auth.go:25]2018/12/30 15:37:05 [获取登录路由 admin@admin.com 123456]
[INFO][auth.go:25]2018/12/30 15:37:14 [获取登录路由  ]
[INFO][auth.go:49]2018/12/30 15:37:14 [Username.Required Can not be empty]
[INFO][auth.go:49]2018/12/30 15:37:14 [Password.Required Can not be empty]
[INFO][auth.go:25]2018/12/30 15:56:51 [获取登录路由  ]
[INFO][auth.go:49]2018/12/30 15:56:51 [Username.Required Can not be empty]
[INFO][auth.go:49]2018/12/30 15:56:51 [Password.Required Can not be empty]
[INFO][auth.go:25]2018/12/30 15:57:56 [获取登录路由  ]
[INFO][auth.go:49]2018/12/30 15:57:56 [Username.Required Can not be empty]
[INFO][auth.go:49]2018/12/30 15:57:56 [Password.Required Can not be empty]
[INFO][auth.go:25]2018/12/30 16:00:36 [获取登录路由  ]
[INFO][auth.go:49]2018/12/30 16:00:36 [Username.Required Can not be empty]
[INFO][auth.go:49]2018/12/30 16:00:36 [Password.Required Can not be empty]
[INFO][auth.go:26]2018/12/30 16:10:07 [获取登录路由  ]
[INFO][auth.go:50]2018/12/30 16:10:07 [Username.Required Can not be empty]
[INFO][auth.go:50]2018/12/30 16:10:07 [Password.Required Can not be empty]
[INFO][auth.go:26]2018/12/30 19:23:56 [获取登录路由  ]
[INFO][auth.go:50]2018/12/30 19:23:56 [Username.Required Can not be empty]
[INFO][auth.go:50]2018/12/30 19:23:56 [Password.Required Can not be empty]
[INFO][auth.go:26]2018/12/30 19:24:21 [获取登录路由  ]
[INFO][auth.go:50]2018/12/30 19:24:21 [Username.Required Can not be empty]
[INFO][auth.go:50]2018/12/30 19:24:21 [Password.Required Can not be empty]
[INFO][auth.go:26]2018/12/30 19:25:08 [获取登录路由  ]
[INFO][auth.go:50]2018/12/30 19:25:08 [Username.Required Can not be empty]
[INFO][auth.go:50]2018/12/30 19:25:08 [Password.Required Can not be empty]
[INFO][auth.go:26]2018/12/30 19:34:46 [获取登录路由  ]
[INFO][auth.go:50]2018/12/30 19:34:46 [Username.Required Can not be empty]
[INFO][auth.go:50]2018/12/30 19:34:46 [Password.Required Can not be empty]
[INFO][auth.go:26]2018/12/30 19:36:18 [获取登录路由  ]
[INFO][auth.go:50]2018/12/30 19:36:18 [Username.Required Can not be empty]
[INFO][auth.go:50]2018/12/30 19:36:18 [Password.Required Can not be empty]
[INFO][auth.go:26]2018/12/30 19:36:47 [获取登录路由  ]
[INFO][auth.go:50]2018/12/30 19:36:47 [Username.Required Can not be empty]
[INFO][auth.go:50]2018/12/30 19:36:47 [Password.Required Can not be empty]
[INFO][auth.go:26]2018/12/30 19:47:59 [获取登录路由  ]
[INFO][auth.go:50]2018/12/30 19:47:59 [Username.Required Can not be empty]
[INFO][auth.go:50]2018/12/30 19:47:59 [Password.Required Can not be empty]
[INFO][auth.go:26]2018/12/30 19:49:08 [获取登录路由  ]
[INFO][auth.go:50]2018/12/30 19:49:08 [Username.Required Can not be empty]
[INFO][auth.go:50]2018/12/30 19:49:08 [Password.Required Can not be empty]
[INFO][auth.go:26]2018/12/30 19:51:33 [获取登录路由  ]
[INFO][auth.go:50]2018/12/30 19:51:33 [Username.Required Can not be empty]
[INFO][auth.go:50]2018/12/30 19:51:33 [Password.Required Can not be empty]
[INFO][auth.go:25]2018/12/30 19:52:34 [获取登录路由  ]
[INFO][auth.go:49]2018/12/30 19:52:34 [Username.Required Can not be empty]
[INFO][auth.go:49]2018/12/30 19:52:34 [Password.Required Can not be empty]
[INFO][auth.go:26]2018/12/30 19:55:19 [获取登录路由  ]
[INFO][auth.go:49]2018/12/30 19:55:19 [Username.Required Can not be empty]
[INFO][auth.go:49]2018/12/30 19:55:19 [Password.Required Can not be empty]
[INFO][auth.go:26]2018/12/30 19:56:26 [获取登录路由  ]
[INFO][auth.go:49]2018/12/30 19:56:26 [Username.Required Can not be empty]
[INFO][auth.go:49]2018/12/30 19:56:26 [Password.Required Can not be empty]
[INFO][auth.go:24]2018/12/30 19:58:01 [获取登录路由  ]
[INFO][auth.go:47]2018/12/30 19:58:01 [Username.Required Can not be empty]
[INFO][auth.go:47]2018/12/30 19:58:01 [Password.Required Can not be empty]
[INFO][auth.go:24]2019/01/02 09:58:06 [获取登录路由  ]
[INFO][auth.go:47]2019/01/02 09:58:07 [Username.Required Can not be empty]
[INFO][auth.go:47]2019/01/02 09:58:07 [Password.Required Can not be empty]
